<?xml version="1.0" encoding="UTF-8"?>
<testsuite name="life.expert.algo.research.base.AppTest" tests="1" skipped="0" failures="0" errors="0" timestamp="2019-05-31T08:24:39" hostname="wilmercomp1.local" time="0.03">
  <properties/>
  <testcase name="mainn()" classname="life.expert.algo.research.base.AppTest" time="0.03"/>
  <system-out><![CDATA[]]></system-out>
  <system-err><![CDATA[]]></system-err>
</testsuite>
