<?xml version="1.0" encoding="UTF-8"?>
<testsuite name="life.expert.algo.research.app.ApplicationTest" tests="1" skipped="0" failures="0" errors="0" timestamp="2019-07-25T16:33:51" hostname="wilmercomp1.local" time="4.542">
  <properties/>
  <testcase name="Test" classname="life.expert.algo.research.app.ApplicationTest" time="4.542"/>
  <system-out><![CDATA[19:33:48.159 [Test worker] DEBUG org.springframework.test.context.junit4.SpringJUnit4ClassRunner - SpringJUnit4ClassRunner constructor called with [class life.expert.algo.research.app.ApplicationTest]
19:33:48.173 [Test worker] DEBUG org.springframework.test.context.BootstrapUtils - Instantiating CacheAwareContextLoaderDelegate from class [org.springframework.test.context.cache.DefaultCacheAwareContextLoaderDelegate]
19:33:48.192 [Test worker] DEBUG org.springframework.test.context.BootstrapUtils - Instantiating BootstrapContext using constructor [public org.springframework.test.context.support.DefaultBootstrapContext(java.lang.Class,org.springframework.test.context.CacheAwareContextLoaderDelegate)]
19:33:48.220 [Test worker] DEBUG org.springframework.test.context.BootstrapUtils - Instantiating TestContextBootstrapper for test class [life.expert.algo.research.app.ApplicationTest] from class [org.springframework.boot.test.context.SpringBootTestContextBootstrapper]
19:33:48.239 [Test worker] INFO org.springframework.boot.test.context.SpringBootTestContextBootstrapper - Neither @ContextConfiguration nor @ContextHierarchy found for test class [life.expert.algo.research.app.ApplicationTest], using SpringBootContextLoader
19:33:48.249 [Test worker] DEBUG org.springframework.test.context.support.AbstractContextLoader - Did not detect default resource location for test class [life.expert.algo.research.app.ApplicationTest]: class path resource [life/expert/algo/research/app/ApplicationTest-context.xml] does not exist
19:33:48.261 [Test worker] DEBUG org.springframework.test.context.support.AbstractContextLoader - Did not detect default resource location for test class [life.expert.algo.research.app.ApplicationTest]: class path resource [life/expert/algo/research/app/ApplicationTestContext.groovy] does not exist
19:33:48.269 [Test worker] INFO org.springframework.test.context.support.AbstractContextLoader - Could not detect default resource locations for test class [life.expert.algo.research.app.ApplicationTest]: no resource found for suffixes {-context.xml, Context.groovy}.
19:33:48.273 [Test worker] INFO org.springframework.test.context.support.AnnotationConfigContextLoaderUtils - Could not detect default configuration classes for test class [life.expert.algo.research.app.ApplicationTest]: ApplicationTest does not declare any static, non-private, non-final, nested classes annotated with @Configuration.
19:33:48.355 [Test worker] DEBUG org.springframework.test.context.support.ActiveProfilesUtils - Could not find an 'annotation declaring class' for annotation type [org.springframework.test.context.ActiveProfiles] and class [life.expert.algo.research.app.ApplicationTest]
19:33:48.488 [Test worker] DEBUG org.springframework.context.annotation.ClassPathScanningCandidateComponentProvider - Identified candidate component class: file [/Users/wilmer/Documents/_YANDEXDISK/JAVA2017apps/VOVA_IDE/apptemplate/winter/build/classes/java/main/life/expert/algo/research/app/Application.class]
19:33:48.496 [Test worker] INFO org.springframework.boot.test.context.SpringBootTestContextBootstrapper - Found @SpringBootConfiguration life.expert.algo.research.app.Application for test class life.expert.algo.research.app.ApplicationTest
19:33:48.623 [Test worker] DEBUG org.springframework.boot.test.context.SpringBootTestContextBootstrapper - @TestExecutionListeners is not present for class [life.expert.algo.research.app.ApplicationTest]: using defaults.
19:33:48.624 [Test worker] INFO org.springframework.boot.test.context.SpringBootTestContextBootstrapper - Loaded default TestExecutionListener class names from location [META-INF/spring.factories]: [org.springframework.boot.test.autoconfigure.restdocs.RestDocsTestExecutionListener, org.springframework.boot.test.autoconfigure.web.client.MockRestServiceServerResetTestExecutionListener, org.springframework.boot.test.autoconfigure.web.servlet.MockMvcPrintOnlyOnFailureTestExecutionListener, org.springframework.boot.test.autoconfigure.web.servlet.WebDriverTestExecutionListener, org.springframework.boot.test.mock.mockito.MockitoTestExecutionListener, org.springframework.boot.test.mock.mockito.ResetMocksTestExecutionListener, org.springframework.test.context.web.ServletTestExecutionListener, org.springframework.test.context.support.DirtiesContextBeforeModesTestExecutionListener, org.springframework.test.context.support.DependencyInjectionTestExecutionListener, org.springframework.test.context.support.DirtiesContextTestExecutionListener, org.springframework.test.context.transaction.TransactionalTestExecutionListener, org.springframework.test.context.jdbc.SqlScriptsTestExecutionListener]
19:33:48.638 [Test worker] DEBUG org.springframework.boot.test.context.SpringBootTestContextBootstrapper - Skipping candidate TestExecutionListener [org.springframework.test.context.web.ServletTestExecutionListener] due to a missing dependency. Specify custom listener classes or make the default listener classes and their required dependencies available. Offending class: [javax/servlet/ServletContext]
19:33:48.640 [Test worker] DEBUG org.springframework.boot.test.context.SpringBootTestContextBootstrapper - Skipping candidate TestExecutionListener [org.springframework.test.context.transaction.TransactionalTestExecutionListener] due to a missing dependency. Specify custom listener classes or make the default listener classes and their required dependencies available. Offending class: [org/springframework/transaction/interceptor/TransactionAttributeSource]
19:33:48.642 [Test worker] DEBUG org.springframework.boot.test.context.SpringBootTestContextBootstrapper - Skipping candidate TestExecutionListener [org.springframework.test.context.jdbc.SqlScriptsTestExecutionListener] due to a missing dependency. Specify custom listener classes or make the default listener classes and their required dependencies available. Offending class: [org/springframework/transaction/interceptor/TransactionAttribute]
19:33:48.643 [Test worker] INFO org.springframework.boot.test.context.SpringBootTestContextBootstrapper - Using TestExecutionListeners: [org.springframework.test.context.support.DirtiesContextBeforeModesTestExecutionListener@17c78a60, org.springframework.boot.test.mock.mockito.MockitoTestExecutionListener@575a3cc4, org.springframework.boot.test.autoconfigure.SpringBootDependencyInjectionTestExecutionListener@227c543a, org.springframework.test.context.support.DirtiesContextTestExecutionListener@e2ffa0a, org.springframework.boot.test.autoconfigure.restdocs.RestDocsTestExecutionListener@2590e525, org.springframework.boot.test.autoconfigure.web.client.MockRestServiceServerResetTestExecutionListener@23aa414f, org.springframework.boot.test.autoconfigure.web.servlet.MockMvcPrintOnlyOnFailureTestExecutionListener@63b70c84, org.springframework.boot.test.autoconfigure.web.servlet.WebDriverTestExecutionListener@12395552, org.springframework.boot.test.mock.mockito.ResetMocksTestExecutionListener@302223fd]
19:33:48.650 [Test worker] DEBUG org.springframework.test.annotation.ProfileValueUtils - Retrieved @ProfileValueSourceConfiguration [null] for test class [life.expert.algo.research.app.ApplicationTest]
19:33:48.652 [Test worker] DEBUG org.springframework.test.annotation.ProfileValueUtils - Retrieved ProfileValueSource type [class org.springframework.test.annotation.SystemProfileValueSource] for class [life.expert.algo.research.app.ApplicationTest]
19:33:48.655 [Test worker] DEBUG org.springframework.test.annotation.ProfileValueUtils - Retrieved @ProfileValueSourceConfiguration [null] for test class [life.expert.algo.research.app.ApplicationTest]
19:33:48.657 [Test worker] DEBUG org.springframework.test.annotation.ProfileValueUtils - Retrieved ProfileValueSource type [class org.springframework.test.annotation.SystemProfileValueSource] for class [life.expert.algo.research.app.ApplicationTest]
19:33:48.667 [Test worker] DEBUG org.springframework.test.context.support.AbstractDirtiesContextTestExecutionListener - Before test class: context [DefaultTestContext@6d654de1 testClass = ApplicationTest, testInstance = [null], testMethod = [null], testException = [null], mergedContextConfiguration = [MergedContextConfiguration@630cf7ff testClass = ApplicationTest, locations = '{}', classes = '{class life.expert.algo.research.app.Application}', contextInitializerClasses = '[]', activeProfiles = '{}', propertySourceLocations = '{}', propertySourceProperties = '{spring.shell.interactive.enabled=false, org.springframework.boot.test.context.SpringBootTestContextBootstrapper=true}', contextCustomizers = set[org.springframework.boot.test.autoconfigure.properties.PropertyMappingContextCustomizer@0, org.springframework.boot.test.autoconfigure.web.servlet.WebDriverContextCustomizerFactory$Customizer@d67d74a, org.springframework.boot.test.context.filter.ExcludeFilterContextCustomizer@3999f8db, org.springframework.boot.test.json.DuplicateJsonObjectContextCustomizerFactory$DuplicateJsonObjectContextCustomizer@2cb3c1fb, org.springframework.boot.test.mock.mockito.MockitoContextCustomizer@0, org.springframework.boot.test.web.client.TestRestTemplateContextCustomizer@79063c3e], contextLoader = 'org.springframework.boot.test.context.SpringBootContextLoader', parent = [null]], attributes = map[[empty]]], class annotated with @DirtiesContext [false] with mode [null].
19:33:48.668 [Test worker] DEBUG org.springframework.test.annotation.ProfileValueUtils - Retrieved @ProfileValueSourceConfiguration [null] for test class [life.expert.algo.research.app.ApplicationTest]
19:33:48.669 [Test worker] DEBUG org.springframework.test.annotation.ProfileValueUtils - Retrieved ProfileValueSource type [class org.springframework.test.annotation.SystemProfileValueSource] for class [life.expert.algo.research.app.ApplicationTest]
19:33:48.678 [Test worker] DEBUG org.springframework.test.context.support.DependencyInjectionTestExecutionListener - Performing dependency injection for test context [[DefaultTestContext@6d654de1 testClass = ApplicationTest, testInstance = life.expert.algo.research.app.ApplicationTest@7dd1016, testMethod = [null], testException = [null], mergedContextConfiguration = [MergedContextConfiguration@630cf7ff testClass = ApplicationTest, locations = '{}', classes = '{class life.expert.algo.research.app.Application}', contextInitializerClasses = '[]', activeProfiles = '{}', propertySourceLocations = '{}', propertySourceProperties = '{spring.shell.interactive.enabled=false, org.springframework.boot.test.context.SpringBootTestContextBootstrapper=true}', contextCustomizers = set[org.springframework.boot.test.autoconfigure.properties.PropertyMappingContextCustomizer@0, org.springframework.boot.test.autoconfigure.web.servlet.WebDriverContextCustomizerFactory$Customizer@d67d74a, org.springframework.boot.test.context.filter.ExcludeFilterContextCustomizer@3999f8db, org.springframework.boot.test.json.DuplicateJsonObjectContextCustomizerFactory$DuplicateJsonObjectContextCustomizer@2cb3c1fb, org.springframework.boot.test.mock.mockito.MockitoContextCustomizer@0, org.springframework.boot.test.web.client.TestRestTemplateContextCustomizer@79063c3e], contextLoader = 'org.springframework.boot.test.context.SpringBootContextLoader', parent = [null]], attributes = map[[empty]]]].
19:33:48.705 [Test worker] DEBUG org.springframework.test.context.support.TestPropertySourceUtils - Adding inlined properties to environment: {spring.jmx.enabled=false, spring.shell.interactive.enabled=false, org.springframework.boot.test.context.SpringBootTestContextBootstrapper=true, server.port=-1}
██████╗ ██████╗  █████╗ ██╗    ██╗██╗███╗   ██╗ ██████╗
██╔══██╗██╔══██╗██╔══██╗██║    ██║██║████╗  ██║██╔════╝
██║  ██║██████╔╝███████║██║ █╗ ██║██║██╔██╗ ██║██║  ███╗
██║  ██║██╔══██╗██╔══██║██║███╗██║██║██║╚██╗██║██║   ██║
██████╔╝██║  ██║██║  ██║╚███╔███╔╝██║██║ ╚████║╚██████╔╝
╚═════╝ ╚═╝  ╚═╝╚═╝  ╚═╝ ╚══╝╚══╝ ╚═╝╚═╝  ╚═══╝ ╚═════╝
                                                

OUT:██████╗ ██████╗  █████╗ ██╗    ██╗██╗███╗   ██╗ ██████╗
OUT:██╔══██╗██╔══██╗██╔══██╗██║    ██║██║████╗  ██║██╔════╝
OUT:██║  ██║██████╔╝███████║██║ █╗ ██║██║██╔██╗ ██║██║  ███╗
OUT:██║  ██║██╔══██╗██╔══██║██║███╗██║██║██║╚██╗██║██║   ██║
OUT:██████╔╝██║  ██║██║  ██║╚███╔███╔╝██║██║ ╚████║╚██████╔╝
OUT:╚═════╝ ╚═╝  ╚═╝╚═╝  ╚═╝ ╚══╝╚══╝ ╚═╝╚═╝  ╚═══╝ ╚═════╝
OUT:                                                 (v1.0)
OUT:
OUT:shell:>3
OUT:shell:>
]]></system-out>
  <system-err><![CDATA[]]></system-err>
</testsuite>
